2024/07/16 22:47:07 [error] [exception.CHttpException.404] CHttpException: The system is unable to find the requested action "admin". in C:\xampp\htdocs\yii\framework\web\CController.php:486
Stack trace:
#0 C:\xampp\htdocs\yii\framework\web\CController.php(270): CController->missingAction('admin')
#1 C:\xampp\htdocs\yii\framework\web\CWebApplication.php(282): CController->run('admin')
#2 C:\xampp\htdocs\yii\framework\web\CWebApplication.php(141): CWebApplication->runController('site/admin/admi...')
#3 C:\xampp\htdocs\yii\framework\base\CApplication.php(185): CWebApplication->processRequest()
#4 C:\xampp\htdocs\klinik\index.php(13): CApplication->run()
#5 {main}
REQUEST_URI=/klinik/index.php?r=site/admin/admin
---
2024/07/17 02:29:25 [error] [exception.CHttpException.404] CHttpException: Unable to resolve the request "pegawai/view". in C:\xampp\htdocs\yii\framework\web\CWebApplication.php:286
Stack trace:
#0 C:\xampp\htdocs\yii\framework\web\CWebApplication.php(141): CWebApplication->runController('pegawai/view')
#1 C:\xampp\htdocs\yii\framework\base\CApplication.php(185): CWebApplication->processRequest()
#2 C:\xampp\htdocs\klinik\index.php(13): CApplication->run()
#3 {main}
REQUEST_URI=/klinik/index.php?r=pegawai/view&id=2
---
2024/07/17 02:29:35 [error] [exception.CHttpException.404] CHttpException: Unable to resolve the request "Pegawai/view". in C:\xampp\htdocs\yii\framework\web\CWebApplication.php:286
Stack trace:
#0 C:\xampp\htdocs\yii\framework\web\CWebApplication.php(141): CWebApplication->runController('Pegawai/view')
#1 C:\xampp\htdocs\yii\framework\base\CApplication.php(185): CWebApplication->processRequest()
#2 C:\xampp\htdocs\klinik\index.php(13): CApplication->run()
#3 {main}
REQUEST_URI=/klinik/index.php?r=Pegawai/view&id=2
---
2024/07/17 02:38:38 [error] [exception.CHttpException.404] CHttpException: The requested page does not exist. in C:\xampp\htdocs\klinik\protected\controllers\ObatController.php:157
Stack trace:
#0 C:\xampp\htdocs\klinik\protected\controllers\ObatController.php(55): ObatController->loadModel('2')
#1 [internal function]: ObatController->actionView('2')
#2 C:\xampp\htdocs\yii\framework\web\actions\CAction.php(114): ReflectionMethod->invokeArgs(Object(ObatController), Array)
#3 C:\xampp\htdocs\yii\framework\web\actions\CInlineAction.php(47): CAction->runWithParamsInternal(Object(ObatController), Object(ReflectionMethod), Array)
#4 C:\xampp\htdocs\yii\framework\web\CController.php(308): CInlineAction->runWithParams(Array)
#5 C:\xampp\htdocs\yii\framework\web\filters\CFilterChain.php(134): CController->runAction(Object(CInlineAction))
#6 C:\xampp\htdocs\yii\framework\web\filters\CFilter.php(40): CFilterChain->run()
#7 C:\xampp\htdocs\yii\framework\web\CController.php(1148): CFilter->filter(Object(CFilterChain))
#8 C:\xampp\htdocs\yii\framework\web\filters\CInlineFilter.php(58): CController->filterAccessControl(Object(CFilterChain))
#9 C:\xampp\htdocs\yii\framework\web\filters\CFilterChain.php(131): CInlineFilter->filter(Object(CFilterChain))
#10 C:\xampp\htdocs\yii\framework\web\CController.php(291): CFilterChain->run()
#11 C:\xampp\htdocs\yii\framework\web\CController.php(265): CController->runActionWithFilters(Object(CInlineAction), Array)
#12 C:\xampp\htdocs\yii\framework\web\CWebApplication.php(282): CController->run('view')
#13 C:\xampp\htdocs\yii\framework\web\CWebApplication.php(141): CWebApplication->runController('obat/view')
#14 C:\xampp\htdocs\yii\framework\base\CApplication.php(185): CWebApplication->processRequest()
#15 C:\xampp\htdocs\klinik\index.php(13): CApplication->run()
#16 {main}
REQUEST_URI=/klinik/index.php?r=obat/view&id=2
---
2024/07/17 02:38:53 [error] [exception.CHttpException.404] CHttpException: The requested page does not exist. in C:\xampp\htdocs\klinik\protected\controllers\ObatController.php:157
Stack trace:
#0 C:\xampp\htdocs\klinik\protected\controllers\ObatController.php(55): ObatController->loadModel('2')
#1 [internal function]: ObatController->actionView('2')
#2 C:\xampp\htdocs\yii\framework\web\actions\CAction.php(114): ReflectionMethod->invokeArgs(Object(ObatController), Array)
#3 C:\xampp\htdocs\yii\framework\web\actions\CInlineAction.php(47): CAction->runWithParamsInternal(Object(ObatController), Object(ReflectionMethod), Array)
#4 C:\xampp\htdocs\yii\framework\web\CController.php(308): CInlineAction->runWithParams(Array)
#5 C:\xampp\htdocs\yii\framework\web\filters\CFilterChain.php(134): CController->runAction(Object(CInlineAction))
#6 C:\xampp\htdocs\yii\framework\web\filters\CFilter.php(40): CFilterChain->run()
#7 C:\xampp\htdocs\yii\framework\web\CController.php(1148): CFilter->filter(Object(CFilterChain))
#8 C:\xampp\htdocs\yii\framework\web\filters\CInlineFilter.php(58): CController->filterAccessControl(Object(CFilterChain))
#9 C:\xampp\htdocs\yii\framework\web\filters\CFilterChain.php(131): CInlineFilter->filter(Object(CFilterChain))
#10 C:\xampp\htdocs\yii\framework\web\CController.php(291): CFilterChain->run()
#11 C:\xampp\htdocs\yii\framework\web\CController.php(265): CController->runActionWithFilters(Object(CInlineAction), Array)
#12 C:\xampp\htdocs\yii\framework\web\CWebApplication.php(282): CController->run('view')
#13 C:\xampp\htdocs\yii\framework\web\CWebApplication.php(141): CWebApplication->runController('obat/view')
#14 C:\xampp\htdocs\yii\framework\base\CApplication.php(185): CWebApplication->processRequest()
#15 C:\xampp\htdocs\klinik\index.php(13): CApplication->run()
#16 {main}
REQUEST_URI=/klinik/index.php?r=obat/view&id=2
---
2024/07/17 02:39:47 [error] [exception.CHttpException.404] CHttpException: The requested page does not exist. in C:\xampp\htdocs\klinik\protected\controllers\ObatController.php:157
Stack trace:
#0 C:\xampp\htdocs\klinik\protected\controllers\ObatController.php(55): ObatController->loadModel('1')
#1 [internal function]: ObatController->actionView('1')
#2 C:\xampp\htdocs\yii\framework\web\actions\CAction.php(114): ReflectionMethod->invokeArgs(Object(ObatController), Array)
#3 C:\xampp\htdocs\yii\framework\web\actions\CInlineAction.php(47): CAction->runWithParamsInternal(Object(ObatController), Object(ReflectionMethod), Array)
#4 C:\xampp\htdocs\yii\framework\web\CController.php(308): CInlineAction->runWithParams(Array)
#5 C:\xampp\htdocs\yii\framework\web\filters\CFilterChain.php(134): CController->runAction(Object(CInlineAction))
#6 C:\xampp\htdocs\yii\framework\web\filters\CFilter.php(40): CFilterChain->run()
#7 C:\xampp\htdocs\yii\framework\web\CController.php(1148): CFilter->filter(Object(CFilterChain))
#8 C:\xampp\htdocs\yii\framework\web\filters\CInlineFilter.php(58): CController->filterAccessControl(Object(CFilterChain))
#9 C:\xampp\htdocs\yii\framework\web\filters\CFilterChain.php(131): CInlineFilter->filter(Object(CFilterChain))
#10 C:\xampp\htdocs\yii\framework\web\CController.php(291): CFilterChain->run()
#11 C:\xampp\htdocs\yii\framework\web\CController.php(265): CController->runActionWithFilters(Object(CInlineAction), Array)
#12 C:\xampp\htdocs\yii\framework\web\CWebApplication.php(282): CController->run('view')
#13 C:\xampp\htdocs\yii\framework\web\CWebApplication.php(141): CWebApplication->runController('obat/view')
#14 C:\xampp\htdocs\yii\framework\base\CApplication.php(185): CWebApplication->processRequest()
#15 C:\xampp\htdocs\klinik\index.php(13): CApplication->run()
#16 {main}
REQUEST_URI=/klinik/index.php?r=obat/view&id=1
---
2024/07/17 04:54:37 [error] [exception.CHttpException.404] CHttpException: The system is unable to find the requested action "admin". in C:\xampp\htdocs\yii\framework\web\CController.php:486
Stack trace:
#0 C:\xampp\htdocs\yii\framework\web\CController.php(270): CController->missingAction('admin')
#1 C:\xampp\htdocs\yii\framework\web\CWebApplication.php(282): CController->run('admin')
#2 C:\xampp\htdocs\yii\framework\web\CWebApplication.php(141): CWebApplication->runController('site/admin')
#3 C:\xampp\htdocs\yii\framework\base\CApplication.php(185): CWebApplication->processRequest()
#4 C:\xampp\htdocs\klinik\index.php(13): CApplication->run()
#5 {main}
REQUEST_URI=/klinik/index.php?r=site/admin
---
